<?xml version="1.0" encoding="UTF-8"?>
<!-- Generated by org.testng.reporters.JUnitXMLReporter -->
<testsuite ignored="0" hostname="DESKTOP-O9TE197" failures="0" tests="2" name="Default test" time="3.934" errors="0" timestamp="11 Jun 2022 21:57:36 GMT">
  <testcase classname="com.chefaa.bestbuy.test.UpdateProductTest" name="updateInValidProduct" time="2.239"/>
  <testcase classname="com.chefaa.bestbuy.test.UpdateProductTest" name="updateProductSucceeds" time="1.62"/>
</testsuite> <!-- Default test -->
