<?xml version="1.0" encoding="UTF-8" ?>
<testsuite tests="10" failures="1" name="TestSuite" time="8.821" errors="0" skipped="0">
  <properties>
[...]
</properties>
  <testcase classname="com.chefaa.bestbuy.test.CreateProductTest" name="testCreateInvalidProductFails" time="3.474"/>
  <testcase classname="com.chefaa.bestbuy.test.CreateProductTest" name="testCreateValidProductSucceeds" time="1.801"/>
  <testcase classname="com.chefaa.bestbuy.test.UpdateProductTest" name="updateInValidProduct" time="0.094"/>
  <testcase classname="com.chefaa.bestbuy.test.UpdateProductTest" name="updateProductSucceeds" time="0.275"/>
  <testcase classname="com.chefaa.bestbuy.test.DeleteProductTest" name="testDeleteProduct" time="0.121"/>
  <testcase classname="com.chefaa.bestbuy.test.DeleteProductTest" name="testInValidDeleteProduct" time="0.033"/>
  <testcase classname="com.chefaa.bestbuy.test.GetProducrByIdTest" name="getProductByIdSucceeds" time="0.109"/>
  <testcase classname="com.chefaa.bestbuy.test.GetProductsTest" name="testProductsCountIsValid" time="2.079">
    <failure message="1 expectation failed.
JSON path total doesn&apos;t match.
Expected: &lt;51976&gt;
  Actual: &lt;51985&gt;
" type="java.lang.AssertionError">java.lang.AssertionError: 1 expectation failed.
JSON path total doesn&apos;t match.
Expected: &lt;51976&gt;
  Actual: &lt;51985&gt;

	at sun.reflect.NativeConstructorAccessorImpl.newInstance0(Native Method)
	at sun.reflect.NativeConstructorAccessorImpl.newInstance(NativeConstructorAccessorImpl.java:62)
	at sun.reflect.DelegatingConstructorAccessorImpl.newInstance(DelegatingConstructorAccessorImpl.java:45)
	at java.lang.reflect.Constructor.newInstance(Constructor.java:423)
	at org.codehaus.groovy.reflection.CachedConstructor.invoke(CachedConstructor.java:72)
	at org.codehaus.groovy.reflection.CachedConstructor.doConstructorInvoke(CachedConstructor.java:59)
	at org.codehaus.groovy.runtime.callsite.ConstructorSite$ConstructorSiteNoUnwrap.callConstructor(ConstructorSite.java:84)
	at org.codehaus.groovy.runtime.callsite.CallSiteArray.defaultCallConstructor(CallSiteArray.java:59)
	at org.codehaus.groovy.runtime.callsite.AbstractCallSite.callConstructor(AbstractCallSite.java:263)
	at org.codehaus.groovy.runtime.callsite.AbstractCallSite.callConstructor(AbstractCallSite.java:277)
	at io.restassured.internal.ResponseSpecificationImpl$HamcrestAssertionClosure.validate(ResponseSpecificationImpl.groovy:493)
	at io.restassured.internal.ResponseSpecificationImpl$HamcrestAssertionClosure$validate$1.call(Unknown Source)
	at io.restassured.internal.ResponseSpecificationImpl.validateResponseIfRequired(ResponseSpecificationImpl.groovy:674)
	at sun.reflect.NativeMethodAccessorImpl.invoke0(Native Method)
	at sun.reflect.NativeMethodAccessorImpl.invoke(NativeMethodAccessorImpl.java:62)
	at sun.reflect.DelegatingMethodAccessorImpl.invoke(DelegatingMethodAccessorImpl.java:43)
	at java.lang.reflect.Method.invoke(Method.java:498)
	at org.codehaus.groovy.runtime.callsite.PlainObjectMetaMethodSite.doInvoke(PlainObjectMetaMethodSite.java:43)
	at org.codehaus.groovy.runtime.callsite.PogoMetaMethodSite$PogoCachedMethodSiteNoUnwrapNoCoerce.invoke(PogoMetaMethodSite.java:193)
	at org.codehaus.groovy.runtime.callsite.PogoMetaMethodSite.callCurrent(PogoMetaMethodSite.java:61)
	at org.codehaus.groovy.runtime.callsite.AbstractCallSite.callCurrent(AbstractCallSite.java:185)
	at io.restassured.internal.ResponseSpecificationImpl.body(ResponseSpecificationImpl.groovy:261)
	at io.restassured.specification.ResponseSpecification$body$1.callCurrent(Unknown Source)
	at io.restassured.internal.ResponseSpecificationImpl.body(ResponseSpecificationImpl.groovy:108)
	at io.restassured.internal.ValidatableResponseOptionsImpl.body(ValidatableResponseOptionsImpl.java:244)
	at io.restassured.internal.ValidatableResponseImpl.super$2$body(ValidatableResponseImpl.groovy)
	at sun.reflect.NativeMethodAccessorImpl.invoke0(Native Method)
	at sun.reflect.NativeMethodAccessorImpl.invoke(NativeMethodAccessorImpl.java:62)
	at sun.reflect.DelegatingMethodAccessorImpl.invoke(DelegatingMethodAccessorImpl.java:43)
	at java.lang.reflect.Method.invoke(Method.java:498)
	at org.codehaus.groovy.reflection.CachedMethod.invoke(CachedMethod.java:107)
	at groovy.lang.MetaMethod.doMethodInvoke(MetaMethod.java:323)
	at groovy.lang.MetaClassImpl.invokeMethod(MetaClassImpl.java:1268)
	at org.codehaus.groovy.runtime.ScriptBytecodeAdapter.invokeMethodOnSuperN(ScriptBytecodeAdapter.java:144)
	at io.restassured.internal.ValidatableResponseImpl.body(ValidatableResponseImpl.groovy:298)
	at io.restassured.internal.ValidatableResponseImpl.body(ValidatableResponseImpl.groovy)
	at com.chefaa.bestbuy.test.GetProductsTest.testProductsCountIsValid(GetProductsTest.java:37)
</failure>
  </testcase>
  <testcase classname="com.chefaa.bestbuy.test.GetProductsTest" name="testProductsCountWithLimitIsValid" time="0.529"/>
  <testcase classname="com.chefaa.bestbuy.test.GetProductsTest" name="testResoponseIsOk" time="0.306"/>
</testsuite>