<?xml version="1.0" encoding="UTF-8"?>
<testng-results ignored="0" total="2" passed="2" failed="0" skipped="0">
  <reporter-output>
  </reporter-output>
  <suite started-at="2022-06-11T21:57:32Z" name="Default suite" finished-at="2022-06-11T21:57:36Z" duration-ms="3934">
    <groups>
    </groups>
    <test started-at="2022-06-11T21:57:32Z" name="Default test" finished-at="2022-06-11T21:57:36Z" duration-ms="3934">
      <class name="com.chefaa.bestbuy.test.UpdateProductTest">
        <test-method signature="updateInValidProduct()[pri:0, instance:com.chefaa.bestbuy.test.UpdateProductTest@51972dc7]" started-at="2022-06-11T21:57:32Z" name="updateInValidProduct" finished-at="2022-06-11T21:57:34Z" duration-ms="2239" status="PASS">
          <reporter-output>
          </reporter-output>
        </test-method> <!-- updateInValidProduct -->
        <test-method signature="updateProductSucceeds()[pri:0, instance:com.chefaa.bestbuy.test.UpdateProductTest@51972dc7]" started-at="2022-06-11T21:57:34Z" name="updateProductSucceeds" finished-at="2022-06-11T21:57:36Z" duration-ms="1620" status="PASS">
          <reporter-output>
          </reporter-output>
        </test-method> <!-- updateProductSucceeds -->
      </class> <!-- com.chefaa.bestbuy.test.UpdateProductTest -->
    </test> <!-- Default test -->
  </suite> <!-- Default suite -->
</testng-results>
